<?xml version="1.0" encoding="UTF-8"?>
<testng-results ignored="0" total="1" passed="1" failed="0" skipped="0">
  <reporter-output>
  </reporter-output>
  <suite started-at="2024-06-03T20:25:30 IST" name="Default suite" finished-at="2024-06-03T20:26:04 IST" duration-ms="34273">
    <groups>
    </groups>
    <test started-at="2024-06-03T20:25:30 IST" name="Default test" finished-at="2024-06-03T20:26:04 IST" duration-ms="34273">
      <class name="report.TestScript02">
        <test-method signature="script2()[pri:0, instance:report.TestScript02@e15b7e8]" started-at="2024-06-03T20:25:30 IST" name="script2" finished-at="2024-06-03T20:26:04 IST" duration-ms="34214" status="PASS">
          <reporter-output>
          </reporter-output>
        </test-method> <!-- script2 -->
      </class> <!-- report.TestScript02 -->
    </test> <!-- Default test -->
  </suite> <!-- Default suite -->
</testng-results>
